app/build/intermediates/manifest_merge_blame_file/debug/processDebugMainManifest/manifest-merger-blame-debug-report.txt
1<?xml version="1.0" encoding="utf-8"?>
2<manifest xmlns:android="http://schemas.android.com/apk/res/android"
3    package="com.dogadoption.app"
4    android:versionCode="1"
5    android:versionName="1.0" >
6
7    <uses-sdk
8        android:minSdkVersion="24"
9        android:targetSdkVersion="35" />
10
11    <!-- <uses-permission android:name="android.permission.READ_EXTERNAL_STORAGE" -->
12    <!-- android:maxSdkVersion="32"/> -->
13    <!-- <uses-permission android:name="android.permission.WRITE_EXTERNAL_STORAGE" -->
14    <!-- android:maxSdkVersion="28"/> -->
15    <uses-permission android:name="android.permission.READ_MEDIA_IMAGES" />
15-->src\main\AndroidManifest.xml:8:5-75
15-->src\main\AndroidManifest.xml:8:22-73
16    <uses-permission android:name="android.permission.CAMERA" />
16-->src\main\AndroidManifest.xml:9:5-64
16-->src\main\AndroidManifest.xml:9:22-62
17
18    <permission
18-->[androidx.core:core:1.13.0] AndroidManifest.xml:22:5-24:47
19        android:name="com.dogadoption.app.DYNAMIC_RECEIVER_NOT_EXPORTED_PERMISSION"
19-->[androidx.core:core:1.13.0] AndroidManifest.xml:23:9-81
20        android:protectionLevel="signature" />
20-->[androidx.core:core:1.13.0] AndroidManifest.xml:24:9-44
21
22    <uses-permission android:name="com.dogadoption.app.DYNAMIC_RECEIVER_NOT_EXPORTED_PERMISSION" />
22-->[androidx.core:core:1.13.0] AndroidManifest.xml:26:5-97
22-->[androidx.core:core:1.13.0] AndroidManifest.xml:26:22-94
23
24    <application
24-->src\main\AndroidManifest.xml:13:5-54:19
25        android:allowBackup="true"
25-->src\main\AndroidManifest.xml:14:9-35
26        android:appComponentFactory="androidx.core.app.CoreComponentFactory"
26-->[androidx.core:core:1.13.0] AndroidManifest.xml:28:18-86
27        android:debuggable="true"
28        android:extractNativeLibs="false"
29        android:icon="@drawable/ic_dog"
29-->src\main\AndroidManifest.xml:15:9-40
30        android:label="@string/app_name"
30-->src\main\AndroidManifest.xml:16:9-41
31        android:roundIcon="@drawable/ic_dog"
31-->src\main\AndroidManifest.xml:17:9-45
32        android:supportsRtl="true"
32-->src\main\AndroidManifest.xml:18:9-35
33        android:theme="@style/Theme.DogAdoption" >
33-->src\main\AndroidManifest.xml:19:9-49
34        <activity
34-->src\main\AndroidManifest.xml:21:9-29:20
35            android:name="com.dogadoption.app.activities.SplashActivity"
35-->src\main\AndroidManifest.xml:22:13-54
36            android:exported="true"
36-->src\main\AndroidManifest.xml:23:13-36
37            android:theme="@style/Theme.DogAdoption.Splash" >
37-->src\main\AndroidManifest.xml:24:13-60
38            <intent-filter>
38-->src\main\AndroidManifest.xml:25:13-28:29
39                <action android:name="android.intent.action.MAIN" />
39-->src\main\AndroidManifest.xml:26:17-68
39-->src\main\AndroidManifest.xml:26:25-66
40
41                <category android:name="android.intent.category.LAUNCHER" />
41-->src\main\AndroidManifest.xml:27:17-76
41-->src\main\AndroidManifest.xml:27:27-74
42            </intent-filter>
43        </activity>
44        <activity
44-->src\main\AndroidManifest.xml:31:9-88
45            android:name="com.dogadoption.app.activities.LoginActivity"
45-->src\main\AndroidManifest.xml:31:19-59
46            android:exported="false" />
46-->src\main\AndroidManifest.xml:31:62-86
47        <activity
47-->src\main\AndroidManifest.xml:32:9-89
48            android:name="com.dogadoption.app.activities.RegisterActivity"
48-->src\main\AndroidManifest.xml:32:19-62
49            android:exported="false" />
49-->src\main\AndroidManifest.xml:32:63-87
50        <activity
50-->src\main\AndroidManifest.xml:34:9-95
51            android:name="com.dogadoption.app.activities.MainActivity"
51-->src\main\AndroidManifest.xml:34:19-58
52            android:exported="false" />
52-->src\main\AndroidManifest.xml:34:69-93
53        <activity
53-->src\main\AndroidManifest.xml:35:9-95
54            android:name="com.dogadoption.app.activities.AddEditDogActivity"
54-->src\main\AndroidManifest.xml:35:19-64
55            android:exported="false" />
55-->src\main\AndroidManifest.xml:35:69-93
56        <activity
56-->src\main\AndroidManifest.xml:36:9-95
57            android:name="com.dogadoption.app.activities.DogDetailActivity"
57-->src\main\AndroidManifest.xml:36:19-63
58            android:exported="false" />
58-->src\main\AndroidManifest.xml:36:69-93
59        <activity
59-->src\main\AndroidManifest.xml:37:9-95
60            android:name="com.dogadoption.app.activities.ProfileActivity"
60-->src\main\AndroidManifest.xml:37:19-61
61            android:exported="false" />
61-->src\main\AndroidManifest.xml:37:69-93
62        <activity
62-->src\main\AndroidManifest.xml:38:9-96
63            android:name="com.dogadoption.app.activities.AdoptionHistoryActivity"
63-->src\main\AndroidManifest.xml:38:19-69
64            android:exported="false" />
64-->src\main\AndroidManifest.xml:38:70-94
65        <activity
65-->src\main\AndroidManifest.xml:40:9-96
66            android:name="com.dogadoption.app.activities.AdminDashboardActivity"
66-->src\main\AndroidManifest.xml:40:19-68
67            android:exported="false" />
67-->src\main\AndroidManifest.xml:40:70-94
68        <activity
68-->src\main\AndroidManifest.xml:41:9-96
69            android:name="com.dogadoption.app.activities.AdminUsersActivity"
69-->src\main\AndroidManifest.xml:41:19-64
70            android:exported="false" />
70-->src\main\AndroidManifest.xml:41:70-94
71        <activity
71-->src\main\AndroidManifest.xml:42:9-96
72            android:name="com.dogadoption.app.activities.AdminAdoptionsActivity"
72-->src\main\AndroidManifest.xml:42:19-68
73            android:exported="false" />
73-->src\main\AndroidManifest.xml:42:70-94
74
75        <provider
76            android:name="androidx.core.content.FileProvider"
76-->src\main\AndroidManifest.xml:45:13-62
77            android:authorities="com.dogadoption.app.fileprovider"
77-->src\main\AndroidManifest.xml:46:13-64
78            android:exported="false"
78-->src\main\AndroidManifest.xml:47:13-37
79            android:grantUriPermissions="true" >
79-->src\main\AndroidManifest.xml:48:13-47
80            <meta-data
80-->src\main\AndroidManifest.xml:49:13-51:53
81                android:name="android.support.FILE_PROVIDER_PATHS"
81-->src\main\AndroidManifest.xml:50:17-67
82                android:resource="@xml/file_paths" />
82-->src\main\AndroidManifest.xml:51:17-51
83        </provider>
84        <provider
84-->[androidx.emoji2:emoji2:1.3.0] AndroidManifest.xml:24:9-32:20
85            android:name="androidx.startup.InitializationProvider"
85-->[androidx.emoji2:emoji2:1.3.0] AndroidManifest.xml:25:13-67
86            android:authorities="com.dogadoption.app.androidx-startup"
86-->[androidx.emoji2:emoji2:1.3.0] AndroidManifest.xml:26:13-68
87            android:exported="false" >
87-->[androidx.emoji2:emoji2:1.3.0] AndroidManifest.xml:27:13-37
88            <meta-data
88-->[androidx.emoji2:emoji2:1.3.0] AndroidManifest.xml:29:13-31:52
89                android:name="androidx.emoji2.text.EmojiCompatInitializer"
89-->[androidx.emoji2:emoji2:1.3.0] AndroidManifest.xml:30:17-75
90                android:value="androidx.startup" />
90-->[androidx.emoji2:emoji2:1.3.0] AndroidManifest.xml:31:17-49
91            <meta-data
91-->[androidx.lifecycle:lifecycle-process:2.6.2] AndroidManifest.xml:29:13-31:52
92                android:name="androidx.lifecycle.ProcessLifecycleInitializer"
92-->[androidx.lifecycle:lifecycle-process:2.6.2] AndroidManifest.xml:30:17-78
93                android:value="androidx.startup" />
93-->[androidx.lifecycle:lifecycle-process:2.6.2] AndroidManifest.xml:31:17-49
94            <meta-data
94-->[androidx.profileinstaller:profileinstaller:1.4.0] AndroidManifest.xml:29:13-31:52
95                android:name="androidx.profileinstaller.ProfileInstallerInitializer"
95-->[androidx.profileinstaller:profileinstaller:1.4.0] AndroidManifest.xml:30:17-85
96                android:value="androidx.startup" />
96-->[androidx.profileinstaller:profileinstaller:1.4.0] AndroidManifest.xml:31:17-49
97        </provider>
98
99        <receiver
99-->[androidx.profileinstaller:profileinstaller:1.4.0] AndroidManifest.xml:34:9-52:20
100            android:name="androidx.profileinstaller.ProfileInstallReceiver"
100-->[androidx.profileinstaller:profileinstaller:1.4.0] AndroidManifest.xml:35:13-76
101            android:directBootAware="false"
101-->[androidx.profileinstaller:profileinstaller:1.4.0] AndroidManifest.xml:36:13-44
102            android:enabled="true"
102-->[androidx.profileinstaller:profileinstaller:1.4.0] AndroidManifest.xml:37:13-35
103            android:exported="true"
103-->[androidx.profileinstaller:profileinstaller:1.4.0] AndroidManifest.xml:38:13-36
104            android:permission="android.permission.DUMP" >
104-->[androidx.profileinstaller:profileinstaller:1.4.0] AndroidManifest.xml:39:13-57
105            <intent-filter>
105-->[androidx.profileinstaller:profileinstaller:1.4.0] AndroidManifest.xml:40:13-42:29
106                <action android:name="androidx.profileinstaller.action.INSTALL_PROFILE" />
106-->[androidx.profileinstaller:profileinstaller:1.4.0] AndroidManifest.xml:41:17-91
106-->[androidx.profileinstaller:profileinstaller:1.4.0] AndroidManifest.xml:41:25-88
107            </intent-filter>
108            <intent-filter>
108-->[androidx.profileinstaller:profileinstaller:1.4.0] AndroidManifest.xml:43:13-45:29
109                <action android:name="androidx.profileinstaller.action.SKIP_FILE" />
109-->[androidx.profileinstaller:profileinstaller:1.4.0] AndroidManifest.xml:44:17-85
109-->[androidx.profileinstaller:profileinstaller:1.4.0] AndroidManifest.xml:44:25-82
110            </intent-filter>
111            <intent-filter>
111-->[androidx.profileinstaller:profileinstaller:1.4.0] AndroidManifest.xml:46:13-48:29
112                <action android:name="androidx.profileinstaller.action.SAVE_PROFILE" />
112-->[androidx.profileinstaller:profileinstaller:1.4.0] AndroidManifest.xml:47:17-88
112-->[androidx.profileinstaller:profileinstaller:1.4.0] AndroidManifest.xml:47:25-85
113            </intent-filter>
114            <intent-filter>
114-->[androidx.profileinstaller:profileinstaller:1.4.0] AndroidManifest.xml:49:13-51:29
115                <action android:name="androidx.profileinstaller.action.BENCHMARK_OPERATION" />
115-->[androidx.profileinstaller:profileinstaller:1.4.0] AndroidManifest.xml:50:17-95
115-->[androidx.profileinstaller:profileinstaller:1.4.0] AndroidManifest.xml:50:25-92
116            </intent-filter>
117        </receiver>
118    </application>
119
120</manifest>